# JRE version: OpenJDK Runtime Environment (8.0_222-b10) (build 1.8.0_222-8u222-b10-1ubuntu1~18.04.1-b10)
# Java VM: OpenJDK 64-Bit Server VM (25.222-b10 mixed mode linux-amd64 compressed oops)
Heap:
 PSYoungGen      total 206336K, used 15844K [0x0000000782000000, 0x000000078fb00000, 0x00000007c0000000)
  eden space 190464K, 0% used [0x0000000782000000,0x0000000782000000,0x000000078da00000)
  from space 15872K, 99% used [0x000000078da00000,0x000000078e9792a0,0x000000078e980000)
  to   space 13824K, 0% used [0x000000078e980000,0x000000078e980000,0x000000078f700000)
 ParOldGen       total 126976K, used 27501K [0x0000000706000000, 0x000000070dc00000, 0x0000000782000000)
  object space 126976K, 21% used [0x0000000706000000,0x0000000707adb4c0,0x000000070dc00000)
 Metaspace       used 13718K, capacity 14076K, committed 14336K, reserved 1062912K
  class space    used 1632K, capacity 1749K, committed 1792K, reserved 1048576K
GC Heap History (10 events):
Event: 2,499 GC heap after
Heap after GC invocations=2 (full 0):
 PSYoungGen      total 55808K, used 6061K [0x0000000782000000, 0x0000000788d00000, 0x00000007c0000000)
  eden space 48128K, 0% used [0x0000000782000000,0x0000000782000000,0x0000000784f00000)
  from space 7680K, 78% used [0x0000000785680000,0x0000000785c6b6a8,0x0000000785e00000)
  to   space 7680K, 0% used [0x0000000784f00000,0x0000000784f00000,0x0000000785680000)
 ParOldGen       total 126976K, used 16K [0x0000000706000000, 0x000000070dc00000, 0x0000000782000000)
  object space 126976K, 0% used [0x0000000706000000,0x0000000706004000,0x000000070dc00000)
 Metaspace       used 13084K, capacity 13488K, committed 13824K, reserved 1060864K
  class space    used 1587K, capacity 1682K, committed 1792K, reserved 1048576K
}
Event: 2,723 GC heap before
{Heap before GC invocations=3 (full 0):
 PSYoungGen      total 55808K, used 54189K [0x0000000782000000, 0x0000000788d00000, 0x00000007c0000000)
  eden space 48128K, 100% used [0x0000000782000000,0x0000000784f00000,0x0000000784f00000)
  from space 7680K, 78% used [0x0000000785680000,0x0000000785c6b6a8,0x0000000785e00000)
  to   space 7680K, 0% used [0x0000000784f00000,0x0000000784f00000,0x0000000785680000)
 ParOldGen       total 126976K, used 16K [0x0000000706000000, 0x000000070dc00000, 0x0000000782000000)
  object space 126976K, 0% used [0x0000000706000000,0x0000000706004000,0x000000070dc00000)
 Metaspace       used 13084K, capacity 13488K, committed 13824K, reserved 1060864K
  class space    used 1587K, capacity 1682K, committed 1792K, reserved 1048576K
Event: 2,749 GC heap after
Heap after GC invocations=3 (full 0):
 PSYoungGen      total 55808K, used 6864K [0x0000000782000000, 0x0000000788d00000, 0x00000007c0000000)
  eden space 48128K, 0% used [0x0000000782000000,0x0000000782000000,0x0000000784f00000)
  from space 7680K, 89% used [0x0000000784f00000,0x00000007855b4030,0x0000000785680000)
  to   space 7680K, 0% used [0x0000000788580000,0x0000000788580000,0x0000000788d00000)
 ParOldGen       total 126976K, used 24K [0x0000000706000000, 0x000000070dc00000, 0x0000000782000000)
  object space 126976K, 0% used [0x0000000706000000,0x0000000706006000,0x000000070dc00000)
 Metaspace       used 13084K, capacity 13488K, committed 13824K, reserved 1060864K
  class space    used 1587K, capacity 1682K, committed 1792K, reserved 1048576K
}
Event: 3,018 GC heap before
{Heap before GC invocations=4 (full 0):
 PSYoungGen      total 55808K, used 54992K [0x0000000782000000, 0x0000000788d00000, 0x00000007c0000000)
  eden space 48128K, 100% used [0x0000000782000000,0x0000000784f00000,0x0000000784f00000)
  from space 7680K, 89% used [0x0000000784f00000,0x00000007855b4030,0x0000000785680000)
  to   space 7680K, 0% used [0x0000000788580000,0x0000000788580000,0x0000000788d00000)
 ParOldGen       total 126976K, used 24K [0x0000000706000000, 0x000000070dc00000, 0x0000000782000000)
  object space 126976K, 0% used [0x0000000706000000,0x0000000706006000,0x000000070dc00000)
 Metaspace       used 13084K, capacity 13488K, committed 13824K, reserved 1060864K
  class space    used 1587K, capacity 1682K, committed 1792K, reserved 1048576K
Event: 3,047 GC heap after
Heap after GC invocations=4 (full 0):
 PSYoungGen      total 103936K, used 7648K [0x0000000782000000, 0x0000000788d00000, 0x00000007c0000000)
  eden space 96256K, 0% used [0x0000000782000000,0x0000000782000000,0x0000000787e00000)
  from space 7680K, 99% used [0x0000000788580000,0x0000000788cf8040,0x0000000788d00000)
  to   space 7680K, 0% used [0x0000000787e00000,0x0000000787e00000,0x0000000788580000)
 ParOldGen       total 126976K, used 1784K [0x0000000706000000, 0x000000070dc00000, 0x0000000782000000)
  object space 126976K, 1% used [0x0000000706000000,0x00000007061be000,0x000000070dc00000)
 Metaspace       used 13084K, capacity 13488K, committed 13824K, reserved 1060864K
  class space    used 1587K, capacity 1682K, committed 1792K, reserved 1048576K
}
Event: 3,537 GC heap before
{Heap before GC invocations=5 (full 0):
 PSYoungGen      total 103936K, used 103904K [0x0000000782000000, 0x0000000788d00000, 0x00000007c0000000)
  eden space 96256K, 100% used [0x0000000782000000,0x0000000787e00000,0x0000000787e00000)
  from space 7680K, 99% used [0x0000000788580000,0x0000000788cf8040,0x0000000788d00000)
  to   space 7680K, 0% used [0x0000000787e00000,0x0000000787e00000,0x0000000788580000)
 ParOldGen       total 126976K, used 1784K [0x0000000706000000, 0x000000070dc00000, 0x0000000782000000)
  object space 126976K, 1% used [0x0000000706000000,0x00000007061be000,0x000000070dc00000)
 Metaspace       used 13086K, capacity 13488K, committed 13824K, reserved 1060864K
  class space    used 1587K, capacity 1682K, committed 1792K, reserved 1048576K
Event: 3,570 GC heap after
Heap after GC invocations=5 (full 0):
 PSYoungGen      total 103936K, used 7664K [0x0000000782000000, 0x000000078f700000, 0x00000007c0000000)
  eden space 96256K, 0% used [0x0000000782000000,0x0000000782000000,0x0000000787e00000)
  from space 7680K, 99% used [0x0000000787e00000,0x000000078857c010,0x0000000788580000)
  to   space 13824K, 0% used [0x000000078e980000,0x000000078e980000,0x000000078f700000)
 ParOldGen       total 126976K, used 8000K [0x0000000706000000, 0x000000070dc00000, 0x0000000782000000)
  object space 126976K, 6% used [0x0000000706000000,0x00000007067d0010,0x000000070dc00000)
 Metaspace       used 13086K, capacity 13488K, committed 13824K, reserved 1060864K
  class space    used 1587K, capacity 1682K, committed 1792K, reserved 1048576K
}
Event: 3,816 GC heap before
{Heap before GC invocations=6 (full 0):
 PSYoungGen      total 103936K, used 103920K [0x0000000782000000, 0x000000078f700000, 0x00000007c0000000)
  eden space 96256K, 100% used [0x0000000782000000,0x0000000787e00000,0x0000000787e00000)
  from space 7680K, 99% used [0x0000000787e00000,0x000000078857c010,0x0000000788580000)
  to   space 13824K, 0% used [0x000000078e980000,0x000000078e980000,0x000000078f700000)
 ParOldGen       total 126976K, used 8000K [0x0000000706000000, 0x000000070dc00000, 0x0000000782000000)
  object space 126976K, 6% used [0x0000000706000000,0x00000007067d0010,0x000000070dc00000)
 Metaspace       used 13096K, capacity 13488K, committed 13824K, reserved 1060864K
  class space    used 1587K, capacity 1682K, committed 1792K, reserved 1048576K
Event: 3,871 GC heap after
Heap after GC invocations=6 (full 0):
 PSYoungGen      total 204288K, used 13456K [0x0000000782000000, 0x000000078fb00000, 0x00000007c0000000)
  eden space 190464K, 0% used [0x0000000782000000,0x0000000782000000,0x000000078da00000)
  from space 13824K, 97% used [0x000000078e980000,0x000000078f6a4010,0x000000078f700000)
  to   space 15872K, 0% used [0x000000078da00000,0x000000078da00000,0x000000078e980000)
 ParOldGen       total 126976K, used 8008K [0x0000000706000000, 0x000000070dc00000, 0x0000000782000000)
  object space 126976K, 6% used [0x0000000706000000,0x00000007067d2010,0x000000070dc00000)
 Metaspace       used 13096K, capacity 13488K, committed 13824K, reserved 1060864K
  class space    used 1587K, capacity 1682K, committed 1792K, reserved 1048576K
}
Event: 6,976 GC heap before
{Heap before GC invocations=7 (full 0):
 PSYoungGen      total 204288K, used 203920K [0x0000000782000000, 0x000000078fb00000, 0x00000007c0000000)
  eden space 190464K, 100% used [0x0000000782000000,0x000000078da00000,0x000000078da00000)
  from space 13824K, 97% used [0x000000078e980000,0x000000078f6a4010,0x000000078f700000)
  to   space 15872K, 0% used [0x000000078da00000,0x000000078da00000,0x000000078e980000)
 ParOldGen       total 126976K, used 8008K [0x0000000706000000, 0x000000070dc00000, 0x0000000782000000)
  object space 126976K, 6% used [0x0000000706000000,0x00000007067d2010,0x000000070dc00000)
 Metaspace       used 13718K, capacity 14076K, committed 14336K, reserved 1062912K
  class space    used 1632K, capacity 1749K, committed 1792K, reserved 1048576K

